            --------------------------------------------------------
                             AMBER SQM VERSION 19
 
                                     By
              Ross C. Walker, Michael F. Crowley, Scott Brozell,
                         Tim Giese, Andreas W. Goetz,
                        Tai-Sung Lee and David A. Case
 
            --------------------------------------------------------
 

--------------------------------------------------------------------------------
  QM CALCULATION INFO
--------------------------------------------------------------------------------

| QMMM: Citation for AMBER QMMM Run:
| QMMM: R.C. Walker, M.F. Crowley and D.A. Case, J. COMP. CHEM. 29:1019, 2008

QMMM: SINGLET STATE CALCULATION
QMMM: RHF CALCULATION, NO. OF DOUBLY OCCUPIED LEVELS = 50

| QMMM: *** Selected Hamiltonian *** 
| QMMM: AM1         

| QMMM: *** Parameter sets in use ***
| QMMM: O : M.J.S.DEWAR et al. JACS, 107, 3902, (1985)
| QMMM: C : M.J.S.DEWAR et al. JACS, 107, 3902, (1985)
| QMMM: N : M.J.S.DEWAR et al. JACS, 107, 3902, (1985)
| QMMM: H : M.J.S.DEWAR et al. JACS, 107, 3902, (1985)
| QMMM: F : M.J.S.DEWAR et al. THEOCHEM, 180, 1, (1988)

| QMMM: *** SCF convergence criteria ***
| QMMM: Energy change                :  0.1D-09 kcal/mol
| QMMM: Error matrix |FP-PF|         :  0.1D+00 au
| QMMM: Density matrix change        :  0.5D-06
| QMMM: Maximum number of SCF cycles :     1000

| QMMM: *** Diagonalization Routine Information ***
| QMMM: Pseudo diagonalizations are allowed.
| QMMM: Auto diagonalization routine selection is in use.
| QMMM:
| QMMM: Timing diagonalization routines:
| QMMM:                              norbs =       91
| QMMM:    diag iterations used for timing =       15
| QMMM:
| QMMM:              Internal diag routine = 0.035085 seconds
| QMMM:                 Dspev diag routine = 0.036515 seconds
| QMMM:                Dspevd diag routine = 0.022245 seconds
| QMMM:                Dspevx diag routine = 0.125174 seconds
| QMMM:                 Dsyev diag routine = 0.039976 seconds
| QMMM:                Dsyevd diag routine = 0.028825 seconds
| QMMM:                Dsyevr diag routine = 0.034933 seconds
| QMMM:
| QMMM:                Pseudo diag routine = 0.015284 seconds
| QMMM:
| QMMM: Using dspevd routine (diag_routine=3).

  QMMM: QM Region Cartesian Coordinates (*=link atom) 
  QMMM: QM_NO.   MM_NO.  ATOM         X         Y         Z
  QMMM:     1        1      O        8.7460    0.9600   20.7160
  QMMM:     2        2      C        8.2450    0.0160   21.3490
  QMMM:     3        3      N        8.9640   -0.6900   22.3100
  QMMM:     4        4      C       10.2830   -0.2420   22.6210
  QMMM:     5        5      C       10.4360    0.9120   23.3920
  QMMM:     6        6      C       11.7170    1.3740   23.6700
  QMMM:     7        7      C       12.8260    0.6920   23.1860
  QMMM:     8        8      C       12.6600   -0.4680   22.4380
  QMMM:     9        9      C       11.3900   -0.9470   22.1450
  QMMM:    10       10      N        6.9140   -0.3890   21.1280
  QMMM:    11       11      C        6.2430    0.1830   20.0220
  QMMM:    12       12      C        5.0860    0.9600   20.1900
  QMMM:    13       13      C        4.5160    1.5560   19.0310
  QMMM:    14       14      C        5.0850    1.3380   17.7620
  QMMM:    15       15      N        6.1670    0.5680   17.6190
  QMMM:    16       16      C        6.7360    0.0090   18.7320
  QMMM:    17       17      H        8.6400   -1.5650   22.7140
  QMMM:    18       18      H        9.5620    1.4540   23.7710
  QMMM:    19       19      H       11.8420    2.2870   24.2620
  QMMM:    20       20      H       13.8300    1.0830   23.3700
  QMMM:    21       21      H       13.5370   -1.0010   22.0580
  QMMM:    22       22      H       11.2630   -1.8510   21.5400
  QMMM:    23       23      H        6.3510   -0.8390   21.8490
  QMMM:    24       24      N        3.4070    2.2940   19.4310
  QMMM:    25       25      H        4.6870    1.8210   16.8630
  QMMM:    26       26      F        7.7440   -0.6490   18.5010
  QMMM:    27       27      C        4.2940    1.3590   21.3060
  QMMM:    28       28      H        4.4670    1.0830   22.3400
  QMMM:    29       29      C        3.2930    2.1860   20.8210
  QMMM:    30       30      H        2.4970    2.7000   21.3750
  QMMM:    31       31      H        2.9120    2.9480   18.8340

--------------------------------------------------------------------------------
  RESULTS
--------------------------------------------------------------------------------

      iter         sqm energy              rms gradient
      ----    -------------------    -----------------------
xmin    10       36.9908 kcal/mol        1.3270 kcal/(mol*A)
xmin    20       36.0618 kcal/mol        1.0005 kcal/(mol*A)
xmin    30       35.0350 kcal/mol        1.2870 kcal/(mol*A)
xmin    40       34.7883 kcal/mol        0.3243 kcal/(mol*A)
xmin    50       34.5324 kcal/mol        0.8573 kcal/(mol*A)
xmin    60       34.4004 kcal/mol        0.3579 kcal/(mol*A)
xmin    70       34.3677 kcal/mol        0.1384 kcal/(mol*A)
xmin    80       34.3656 kcal/mol        0.2199 kcal/(mol*A)
xmin    90       34.3436 kcal/mol        0.1200 kcal/(mol*A)
xmin   100       34.3366 kcal/mol        0.0414 kcal/(mol*A)
xmin   110       34.3350 kcal/mol        0.0393 kcal/(mol*A)
xmin   120       34.3346 kcal/mol        0.0145 kcal/(mol*A)
xmin   130       34.3344 kcal/mol        0.0044 kcal/(mol*A)
xmin   140       34.3343 kcal/mol        0.0039 kcal/(mol*A)
xmin   150       34.3343 kcal/mol        0.0105 kcal/(mol*A)
xmin   160       34.3343 kcal/mol        0.0009 kcal/(mol*A)
  ... geometry converged !
 
 Final MO eigenvalues (eV):
 -49.2030  -41.7834  -40.3325  -38.9444  -37.9510  -35.9086  -35.3344  -32.3130
 -31.4221  -30.4059  -30.0587  -29.0038  -24.8445  -23.9135  -23.4769  -23.0701
 -22.0062  -21.4648  -19.9498  -19.0560  -18.6066  -18.2100  -17.5449  -16.8806
 -16.5291  -16.3304  -16.1071  -15.8563  -15.7187  -15.2749  -14.9770  -14.9191
 -14.6941  -14.3696  -14.1288  -13.9226  -13.5615  -13.3623  -12.9234  -12.5765
 -12.0552  -11.9128  -11.4885  -11.2211  -11.0653  -10.5135   -9.6893   -9.5242
  -8.8852   -8.6510   -0.4874    0.1296    0.3402    0.5801    1.0953    1.2767
   1.4573    1.5719    2.5051    2.5368    2.8997    2.9968    3.2745    3.3015
   3.5736    3.7301    3.8379    3.9087    3.9472    4.1856    4.2335    4.3622
   4.4629    4.4984    4.5264    4.5741    4.8496    4.9551    5.1624    5.1946
   5.2666    5.3557    5.5201    5.5814    5.7252    5.7622    5.8901    6.1352
   6.2011    6.5503    7.0408

 Heat of formation   =         34.33427729 kcal/mol  (        1.48884599 eV)

 Total SCF energy    =     -82441.07612288 kcal/mol  (    -3574.91332218 eV)
 Electronic energy   =    -492723.18475956 kcal/mol  (   -21366.08060186 eV)
 Core-core repulsion =     410282.10863668 kcal/mol  (    17791.16727968 eV)
 
    Atomic Charges for Step       1 :
  Atom    Element       Mulliken Charge
     1      O                 -0.346
     2      C                  0.377
     3      N                 -0.307
     4      C                  0.064
     5      C                 -0.134
     6      C                 -0.109
     7      C                 -0.150
     8      C                 -0.108
     9      C                 -0.178
    10      N                 -0.295
    11      C                  0.014
    12      C                 -0.066
    13      C                 -0.068
    14      C                 -0.043
    15      N                 -0.141
    16      C                  0.135
    17      H                  0.220
    18      H                  0.169
    19      H                  0.135
    20      H                  0.133
    21      H                  0.131
    22      H                  0.128
    23      H                  0.219
    24      N                 -0.198
    25      H                  0.167
    26      F                 -0.066
    27      C                 -0.216
    28      H                  0.159
    29      C                 -0.055
    30      H                  0.172
    31      H                  0.257
 Total Mulliken Charge =       0.000
 
                  X        Y        Z     TOTAL  
  QM DIPOLE    -5.552   -1.092    3.386    6.594
 
 Final Structure

  QMMM: QM Region Cartesian Coordinates (*=link atom) 
  QMMM: QM_NO.   MM_NO.  ATOM         X         Y         Z
  QMMM:     1        1      O        8.8524    1.3517   20.6119
  QMMM:     2        2      C        8.3807    0.3279   21.1453
  QMMM:     3        3      N        9.0264   -0.3506   22.2034
  QMMM:     4        4      C       10.3684   -0.0985   22.5613
  QMMM:     5        5      C       10.9409    1.1887   22.4912
  QMMM:     6        6      C       12.2463    1.3939   22.9301
  QMMM:     7        7      C       13.0015    0.3430   23.4462
  QMMM:     8        8      C       12.4436   -0.9324   23.5187
  QMMM:     9        9      C       11.1447   -1.1626   23.0794
  QMMM:    10       10      N        7.1390   -0.2225   20.7078
  QMMM:    11       11      C        6.3492    0.4969   19.7906
  QMMM:    12       12      C        5.0455    0.9242   20.1237
  QMMM:    13       13      C        4.2462    1.5882   19.1215
  QMMM:    14       14      C        4.7843    1.8067   17.8320
  QMMM:    15       15      N        6.0111    1.4087   17.5114
  QMMM:    16       16      C        6.7758    0.7637   18.4548
  QMMM:    17       17      H        8.7288   -1.2860   22.3856
  QMMM:    18       18      H       10.3671    2.0340   22.0769
  QMMM:    19       19      H       12.6811    2.4030   22.8650
  QMMM:    20       20      H       14.0306    0.5166   23.7910
  QMMM:    21       21      H       13.0340   -1.7689   23.9219
  QMMM:    22       22      H       10.7296   -2.1798   23.1431
  QMMM:    23       23      H        6.5987   -0.7065   21.3948
  QMMM:    24       24      N        3.0116    1.9029   19.6893
  QMMM:    25       25      H        4.2120    2.3163   17.0376
  QMMM:    26       26      F        8.0079    0.3809   18.0418
  QMMM:    27       27      C        4.2343    0.8532   21.3142
  QMMM:    28       28      H        4.5235    0.4215   22.2668
  QMMM:    29       29      C        3.0133    1.4575   21.0109
  QMMM:    30       30      H        2.1379    1.6043   21.6477
  QMMM:    31       31      H        2.2736    2.3661   19.2301

           --------- Calculation Completed ----------

