            --------------------------------------------------------
                             AMBER SQM VERSION 19
 
                                     By
              Ross C. Walker, Michael F. Crowley, Scott Brozell,
                         Tim Giese, Andreas W. Goetz,
                        Tai-Sung Lee and David A. Case
 
            --------------------------------------------------------
 

--------------------------------------------------------------------------------
  QM CALCULATION INFO
--------------------------------------------------------------------------------

| QMMM: Citation for AMBER QMMM Run:
| QMMM: R.C. Walker, M.F. Crowley and D.A. Case, J. COMP. CHEM. 29:1019, 2008

QMMM: SINGLET STATE CALCULATION
QMMM: RHF CALCULATION, NO. OF DOUBLY OCCUPIED LEVELS = 40

| QMMM: *** Selected Hamiltonian *** 
| QMMM: AM1         

| QMMM: *** Parameter sets in use ***
| QMMM: O : M.J.S.DEWAR et al. JACS, 107, 3902, (1985)
| QMMM: C : M.J.S.DEWAR et al. JACS, 107, 3902, (1985)
| QMMM: N : M.J.S.DEWAR et al. JACS, 107, 3902, (1985)
| QMMM: H : M.J.S.DEWAR et al. JACS, 107, 3902, (1985)

| QMMM: *** SCF convergence criteria ***
| QMMM: Energy change                :  0.1D-09 kcal/mol
| QMMM: Error matrix |FP-PF|         :  0.1D+00 au
| QMMM: Density matrix change        :  0.5D-06
| QMMM: Maximum number of SCF cycles :     1000

| QMMM: *** Diagonalization Routine Information ***
| QMMM: Pseudo diagonalizations are allowed.
| QMMM: Auto diagonalization routine selection is in use.
| QMMM:
| QMMM: Timing diagonalization routines:
| QMMM:                              norbs =       75
| QMMM:    diag iterations used for timing =       15
| QMMM:
| QMMM:              Internal diag routine = 0.021843 seconds
| QMMM:                 Dspev diag routine = 0.021372 seconds
| QMMM:                Dspevd diag routine = 0.013004 seconds
| QMMM:                Dspevx diag routine = 0.074949 seconds
| QMMM:                 Dsyev diag routine = 0.023318 seconds
| QMMM:                Dsyevd diag routine = 0.015901 seconds
| QMMM:                Dsyevr diag routine = 0.022467 seconds
| QMMM:
| QMMM:                Pseudo diag routine = 0.007222 seconds
| QMMM:
| QMMM: Using dspevd routine (diag_routine=3).

  QMMM: QM Region Cartesian Coordinates (*=link atom) 
  QMMM: QM_NO.   MM_NO.  ATOM         X         Y         Z
  QMMM:     1        1      O        9.0980    0.7170   20.8630
  QMMM:     2        2      C        8.5440   -0.2000   21.3730
  QMMM:     3        3      N        9.1810   -0.9260   22.4450
  QMMM:     4        4      C       10.4660   -0.4470   22.8510
  QMMM:     5        5      C       10.5000    0.3870   23.9490
  QMMM:     6        6      C       11.7040    0.9000   24.3650
  QMMM:     7        7      C       12.8650    0.5840   23.6730
  QMMM:     8        8      C       12.8230   -0.2500   22.5690
  QMMM:     9        9      C       11.6120   -0.7630   22.1470
  QMMM:    10       10      N        7.2370   -0.6260   20.9410
  QMMM:    11       11      C        6.5590    0.0580   19.8740
  QMMM:    12       12      C        5.3530    0.6830   20.1520
  QMMM:    13       13      C        4.7260    1.3390   19.1050
  QMMM:    14       14      C        5.3210    1.3050   17.8490
  QMMM:    15       15      N        6.4720    0.7100   17.6440
  QMMM:    16       16      C        7.1030    0.0840   18.6020
  QMMM:    17       17      H        8.7450   -1.7250   22.8830
  QMMM:    18       18      H        9.5900    0.6340   24.4760
  QMMM:    19       19      H       11.7470    1.5480   25.2280
  QMMM:    20       20      H       13.8100    0.9930   23.9990
  QMMM:    21       21      H       13.7320   -0.4980   22.0410
  QMMM:    22       22      H       11.5620   -1.4030   21.2780
  QMMM:    23       23      H        6.7930   -1.4130   21.3920
  QMMM:    24       24      H        4.9210    0.6590   21.1420
  QMMM:    25       25      H        3.7960    1.8650   19.2610
  QMMM:    26       26      H        4.8220    1.7820   17.0190
  QMMM:    27       27      H        8.0430   -0.4100   18.4020

--------------------------------------------------------------------------------
  RESULTS
--------------------------------------------------------------------------------

      iter         sqm energy              rms gradient
      ----    -------------------    -----------------------
xmin    10       42.2538 kcal/mol        2.1752 kcal/(mol*A)
xmin    20       40.1879 kcal/mol        0.6472 kcal/(mol*A)
xmin    30       39.1394 kcal/mol        1.2353 kcal/(mol*A)
xmin    40       38.8024 kcal/mol        0.3434 kcal/(mol*A)
xmin    50       38.7058 kcal/mol        0.1244 kcal/(mol*A)
xmin    60       38.6857 kcal/mol        0.2119 kcal/(mol*A)
xmin    70       38.6675 kcal/mol        0.0790 kcal/(mol*A)
xmin    80       38.6564 kcal/mol        0.1049 kcal/(mol*A)
xmin    90       38.6497 kcal/mol        0.0297 kcal/(mol*A)
xmin   100       38.6485 kcal/mol        0.0192 kcal/(mol*A)
xmin   110       38.6465 kcal/mol        0.0165 kcal/(mol*A)
xmin   120       38.6452 kcal/mol        0.0185 kcal/(mol*A)
xmin   130       38.6376 kcal/mol        0.0616 kcal/(mol*A)
xmin   140       38.6135 kcal/mol        0.1281 kcal/(mol*A)
xmin   150       38.5530 kcal/mol        0.0958 kcal/(mol*A)
xmin   160       38.4749 kcal/mol        0.2121 kcal/(mol*A)
xmin   170       38.3666 kcal/mol        0.3601 kcal/(mol*A)
xmin   180       38.3161 kcal/mol        0.2963 kcal/(mol*A)
xmin   190       38.2871 kcal/mol        0.0513 kcal/(mol*A)
xmin   200       38.2754 kcal/mol        0.1261 kcal/(mol*A)
xmin   210       38.2709 kcal/mol        0.0141 kcal/(mol*A)
xmin   220       38.2706 kcal/mol        0.0044 kcal/(mol*A)
xmin   230       38.2706 kcal/mol        0.0021 kcal/(mol*A)
  ... geometry converged !
 
 Final MO eigenvalues (eV):
 -40.8741  -39.9787  -38.7898  -35.8854  -35.5213  -32.8032  -31.5651  -30.8066
 -29.4128  -24.9113  -24.3651  -23.5904  -23.0329  -21.6717  -19.2730  -18.9810
 -17.9140  -17.5111  -16.9307  -16.7714  -16.2484  -15.6859  -15.2522  -14.9526
 -14.7581  -14.4952  -14.2700  -14.0596  -13.7158  -13.1646  -12.6764  -12.2476
 -12.0824  -11.6166  -11.2858  -10.6702  -10.5787   -9.8290   -9.2189   -8.9978
  -0.0439    0.1865    0.2258    0.4384    0.9505    1.3539    2.5151    2.7661
   2.8363    3.5203    3.5716    3.6989    3.7348    3.7932    3.8488    4.0628
   4.1166    4.2055    4.3432    4.3848    4.4653    4.7719    4.9080    4.9429
   5.0218    5.0857    5.2098    5.4220    5.4575    5.6137    5.6965    5.9909
   6.0642    6.8011    6.9323

 Heat of formation   =         38.27057411 kcal/mol  (        1.65953663 eV)

 Total SCF energy    =     -60601.37567930 kcal/mol  (    -2627.87284503 eV)
 Electronic energy   =    -338426.78930560 kcal/mol  (   -14675.28681781 eV)
 Core-core repulsion =     277825.41362630 kcal/mol  (    12047.41397278 eV)
 
    Atomic Charges for Step       1 :
  Atom    Element       Mulliken Charge
     1      O                 -0.364
     2      C                  0.394
     3      N                 -0.313
     4      C                  0.063
     5      C                 -0.177
     6      C                 -0.108
     7      C                 -0.148
     8      C                 -0.109
     9      C                 -0.132
    10      N                 -0.312
    11      C                  0.017
    12      C                 -0.147
    13      C                 -0.158
    14      C                 -0.093
    15      N                 -0.120
    16      C                 -0.070
    17      H                  0.220
    18      H                  0.128
    19      H                  0.133
    20      H                  0.134
    21      H                  0.137
    22      H                  0.169
    23      H                  0.221
    24      H                  0.134
    25      H                  0.143
    26      H                  0.161
    27      H                  0.197
 Total Mulliken Charge =       0.000
 
                  X        Y        Z     TOTAL  
  QM DIPOLE    -2.445   -0.765    4.184    4.906
 
 Final Structure

  QMMM: QM Region Cartesian Coordinates (*=link atom) 
  QMMM: QM_NO.   MM_NO.  ATOM         X         Y         Z
  QMMM:     1        1      O        9.3234    0.2531   20.3363
  QMMM:     2        2      C        8.5688    0.2370   21.3318
  QMMM:     3        3      N        9.0457   -0.0454   22.6308
  QMMM:     4        4      C       10.4203   -0.0701   22.9511
  QMMM:     5        5      C       10.8229    0.3331   24.2466
  QMMM:     6        6      C       12.1591    0.2489   24.6217
  QMMM:     7        7      C       13.1186   -0.2228   23.7271
  QMMM:     8        8      C       12.7305   -0.6154   22.4480
  QMMM:     9        9      C       11.3970   -0.5474   22.0527
  QMMM:    10       10      N        7.1822    0.4991   21.2114
  QMMM:    11       11      C        6.5219    0.5421   19.9720
  QMMM:    12       12      C        5.1633    0.1578   19.8874
  QMMM:    13       13      C        4.4973    0.2827   18.6710
  QMMM:    14       14      C        5.1980    0.7817   17.5608
  QMMM:    15       15      N        6.4934    1.1473   17.6133
  QMMM:    16       16      C        7.1394    1.0325   18.7824
  QMMM:    17       17      H        8.4530    0.1853   23.3992
  QMMM:    18       18      H       10.0857    0.7119   24.9705
  QMMM:    19       19      H       12.4573    0.5625   25.6334
  QMMM:    20       20      H       14.1738   -0.2825   24.0292
  QMMM:    21       21      H       13.4825   -0.9863   21.7348
  QMMM:    22       22      H       11.1152   -0.8561   21.0325
  QMMM:    23       23      H        6.5958    0.2482   21.9783
  QMMM:    24       24      H        4.6271   -0.2308   20.7659
  QMMM:    25       25      H        3.4419   -0.0065   18.5799
  QMMM:    26       26      H        4.7048    0.8955   16.5796
  QMMM:    27       27      H        8.2062    1.3318   18.7755

           --------- Calculation Completed ----------

