            --------------------------------------------------------
                             AMBER SQM VERSION 19
 
                                     By
              Ross C. Walker, Michael F. Crowley, Scott Brozell,
                         Tim Giese, Andreas W. Goetz,
                        Tai-Sung Lee and David A. Case
 
            --------------------------------------------------------
 

--------------------------------------------------------------------------------
  QM CALCULATION INFO
--------------------------------------------------------------------------------

| QMMM: Citation for AMBER QMMM Run:
| QMMM: R.C. Walker, M.F. Crowley and D.A. Case, J. COMP. CHEM. 29:1019, 2008

QMMM: SINGLET STATE CALCULATION
QMMM: RHF CALCULATION, NO. OF DOUBLY OCCUPIED LEVELS = 52

| QMMM: *** Selected Hamiltonian *** 
| QMMM: AM1         

| QMMM: *** Parameter sets in use ***
| QMMM: O : M.J.S.DEWAR et al. JACS, 107, 3902, (1985)
| QMMM: C : M.J.S.DEWAR et al. JACS, 107, 3902, (1985)
| QMMM: N : M.J.S.DEWAR et al. JACS, 107, 3902, (1985)
| QMMM: H : M.J.S.DEWAR et al. JACS, 107, 3902, (1985)

| QMMM: *** SCF convergence criteria ***
| QMMM: Energy change                :  0.1D-09 kcal/mol
| QMMM: Error matrix |FP-PF|         :  0.1D+00 au
| QMMM: Density matrix change        :  0.5D-06
| QMMM: Maximum number of SCF cycles :     1000

| QMMM: *** Diagonalization Routine Information ***
| QMMM: Pseudo diagonalizations are allowed.
| QMMM: Auto diagonalization routine selection is in use.
| QMMM:
| QMMM: Timing diagonalization routines:
| QMMM:                              norbs =       98
| QMMM:    diag iterations used for timing =       15
| QMMM:
| QMMM:              Internal diag routine = 0.064767 seconds
| QMMM:                 Dspev diag routine = 0.050757 seconds
| QMMM:                Dspevd diag routine = 0.021929 seconds
| QMMM:                Dspevx diag routine = 0.127662 seconds
| QMMM:                 Dsyev diag routine = 0.038795 seconds
| QMMM:                Dsyevd diag routine = 0.028123 seconds
| QMMM:                Dsyevr diag routine = 0.035973 seconds
| QMMM:
| QMMM:                Pseudo diag routine = 0.024665 seconds
| QMMM: Pseudo diagonalization appears to be slower than regular
| QMMM: diagonalization. Setting pseudo_diag=0 for optimum performance.
| QMMM:
| QMMM: Using dspevd routine (diag_routine=3).

  QMMM: QM Region Cartesian Coordinates (*=link atom) 
  QMMM: QM_NO.   MM_NO.  ATOM         X         Y         Z
  QMMM:     1        1      O        9.3680    1.1120   21.0320
  QMMM:     2        2      C        8.8120    0.3220   21.7270
  QMMM:     3        3      C        9.3520   -0.1440   23.0660
  QMMM:     4        4      C       10.8670   -0.0690   23.1260
  QMMM:     5        5      C       11.5080   -1.0370   22.1340
  QMMM:     6        6      C       12.7630   -1.7020   22.6880
  QMMM:     7        7      C       13.5520   -0.8480   23.6720
  QMMM:     8        8      C       12.7110   -0.1420   24.7310
  QMMM:     9        9      C       11.2210   -0.3910   24.5640
  QMMM:    10       10      N        7.5600   -0.2470   21.3550
  QMMM:    11       11      C        6.9510    0.1800   20.1360
  QMMM:    12       12      C        5.7070    0.7820   20.2730
  QMMM:    13       13      C        5.0950    1.2170   19.1050
  QMMM:    14       14      C        5.7610    1.0320   17.9010
  QMMM:    15       15      N        6.9560    0.4630   17.8400
  QMMM:    16       16      C        7.5800    0.0350   18.9160
  QMMM:    17       17      H        9.0440   -1.1770   23.2290
  QMMM:    18       18      H        8.9340    0.4810   23.8550
  QMMM:    19       19      H       11.1870    0.9470   22.8950
  QMMM:    20       20      H       10.7830   -1.8120   21.8860
  QMMM:    21       21      H       11.7680   -0.4920   21.2260
  QMMM:    22       22      H       13.4160   -1.9460   21.8500
  QMMM:    23       23      H       12.4750   -2.6280   23.1850
  QMMM:    24       24      H       14.2670   -1.4940   24.1830
  QMMM:    25       25      H       14.1050   -0.0950   23.1110
  QMMM:    26       26      H       13.0160   -0.5010   25.7140
  QMMM:    27       27      H       12.8980    0.9300   24.6740
  QMMM:    28       28      H       10.6580    0.2530   25.2390
  QMMM:    29       29      H       10.9950   -1.4360   24.7750
  QMMM:    30       30      H        7.1130   -0.9380   21.9410
  QMMM:    31       31      C        4.9850    0.9590   21.4830
  QMMM:    32       32      N        4.0000    2.0910   19.1480
  QMMM:    33       33      H        5.2910    1.3620   16.9860
  QMMM:    34       34      H        8.5580   -0.4180   18.8470
  QMMM:    35       35      C        3.2110    2.1410   20.2800
  QMMM:    36       36      N        3.7350    1.6250   21.4720
  QMMM:    37       37      H        2.3500    2.8000   20.2600
  QMMM:    38       38      H        5.3960    0.6290   22.4320

--------------------------------------------------------------------------------
  RESULTS
--------------------------------------------------------------------------------

      iter         sqm energy              rms gradient
      ----    -------------------    -----------------------
xmin    10       11.8897 kcal/mol        0.7296 kcal/(mol*A)
xmin    20       10.3791 kcal/mol        0.8663 kcal/(mol*A)
xmin    30       10.2443 kcal/mol        0.3441 kcal/(mol*A)
xmin    40       10.0004 kcal/mol        0.4703 kcal/(mol*A)
xmin    50        9.8659 kcal/mol        0.4970 kcal/(mol*A)
xmin    60        9.8418 kcal/mol        0.0803 kcal/(mol*A)
xmin    70        9.8151 kcal/mol        0.0899 kcal/(mol*A)
xmin    80        9.8110 kcal/mol        0.0392 kcal/(mol*A)
xmin    90        9.8051 kcal/mol        0.1378 kcal/(mol*A)
xmin   100        9.7993 kcal/mol        0.0850 kcal/(mol*A)
xmin   110        9.7591 kcal/mol        0.1732 kcal/(mol*A)
xmin   120        9.7466 kcal/mol        0.1161 kcal/(mol*A)
xmin   130        9.7394 kcal/mol        0.0780 kcal/(mol*A)
xmin   140        9.7342 kcal/mol        0.1170 kcal/(mol*A)
xmin   150        9.7175 kcal/mol        0.1715 kcal/(mol*A)
xmin   160        9.7111 kcal/mol        0.0338 kcal/(mol*A)
xmin   170        9.7104 kcal/mol        0.0164 kcal/(mol*A)
xmin   180        9.7078 kcal/mol        0.0248 kcal/(mol*A)
xmin   190        9.7069 kcal/mol        0.0582 kcal/(mol*A)
xmin   200        9.6983 kcal/mol        0.1326 kcal/(mol*A)
xmin   210        9.6941 kcal/mol        0.0416 kcal/(mol*A)
xmin   220        9.6897 kcal/mol        0.0375 kcal/(mol*A)
xmin   230        9.6869 kcal/mol        0.0508 kcal/(mol*A)
xmin   240        9.6840 kcal/mol        0.0370 kcal/(mol*A)
xmin   250        9.6817 kcal/mol        0.0406 kcal/(mol*A)
xmin   260        9.6704 kcal/mol        0.0413 kcal/(mol*A)
xmin   270        9.6622 kcal/mol        0.0402 kcal/(mol*A)
xmin   280        9.6638 kcal/mol        0.0385 kcal/(mol*A)
xmin   290        9.6622 kcal/mol        0.0347 kcal/(mol*A)
xmin   300        9.6455 kcal/mol        0.1066 kcal/(mol*A)
xmin   310        9.6388 kcal/mol        0.0707 kcal/(mol*A)
xmin   320        9.6311 kcal/mol        0.1330 kcal/(mol*A)
xmin   330        9.6249 kcal/mol        0.1349 kcal/(mol*A)
xmin   340        9.6093 kcal/mol        0.0515 kcal/(mol*A)
xmin   350        9.5969 kcal/mol        0.0747 kcal/(mol*A)
xmin   360        9.5870 kcal/mol        0.1334 kcal/(mol*A)
xmin   370        9.5777 kcal/mol        0.0838 kcal/(mol*A)
xmin   380        9.5601 kcal/mol        0.0962 kcal/(mol*A)
xmin   390        9.5439 kcal/mol        0.1964 kcal/(mol*A)
xmin   400        9.5029 kcal/mol        0.5456 kcal/(mol*A)
xmin   410        9.4569 kcal/mol        0.0667 kcal/(mol*A)
xmin   420        9.3821 kcal/mol        0.2901 kcal/(mol*A)
xmin   430        9.3620 kcal/mol        0.1086 kcal/(mol*A)
xmin   440        9.3151 kcal/mol        0.2232 kcal/(mol*A)
xmin   450        9.2525 kcal/mol        0.3030 kcal/(mol*A)
xmin   460        9.2077 kcal/mol        0.2087 kcal/(mol*A)
xmin   470        9.1356 kcal/mol        0.0985 kcal/(mol*A)
xmin   480        9.0893 kcal/mol        0.1585 kcal/(mol*A)
xmin   490        9.0651 kcal/mol        0.1406 kcal/(mol*A)
xmin   500        9.0596 kcal/mol        0.0769 kcal/(mol*A)
xmin   510        9.0586 kcal/mol        0.0791 kcal/(mol*A)
xmin   520        9.0488 kcal/mol        0.0608 kcal/(mol*A)
xmin   530        9.0281 kcal/mol        0.1141 kcal/(mol*A)
xmin   540        9.0226 kcal/mol        0.0714 kcal/(mol*A)
xmin   550        9.0204 kcal/mol        0.1427 kcal/(mol*A)
xmin   560        9.0125 kcal/mol        0.0276 kcal/(mol*A)
xmin   570        9.0114 kcal/mol        0.0242 kcal/(mol*A)
xmin   580        9.0064 kcal/mol        0.0164 kcal/(mol*A)
xmin   590        9.0024 kcal/mol        0.0327 kcal/(mol*A)
xmin   600        8.9972 kcal/mol        0.1582 kcal/(mol*A)
xmin   610        8.9966 kcal/mol        0.0389 kcal/(mol*A)
xmin   620        8.9958 kcal/mol        0.0425 kcal/(mol*A)
xmin   630        8.9926 kcal/mol        0.0682 kcal/(mol*A)
xmin   640        8.9896 kcal/mol        0.0101 kcal/(mol*A)
xmin   650        8.9894 kcal/mol        0.0129 kcal/(mol*A)
xmin   660        8.9886 kcal/mol        0.0240 kcal/(mol*A)
xmin   670        8.9882 kcal/mol        0.0065 kcal/(mol*A)
xmin   680        8.9880 kcal/mol        0.0087 kcal/(mol*A)
xmin   690        8.9879 kcal/mol        0.0055 kcal/(mol*A)
xmin   700        8.9879 kcal/mol        0.0055 kcal/(mol*A)
xmin   710        8.9878 kcal/mol        0.0140 kcal/(mol*A)
xmin   720        8.9877 kcal/mol        0.0164 kcal/(mol*A)
xmin   730        8.9876 kcal/mol        0.0050 kcal/(mol*A)
xmin   740        8.9876 kcal/mol        0.0037 kcal/(mol*A)
xmin   750        8.9875 kcal/mol        0.0066 kcal/(mol*A)
xmin   760        8.9875 kcal/mol        0.0030 kcal/(mol*A)
xmin   770        8.9873 kcal/mol        0.0038 kcal/(mol*A)
xmin   780        8.9873 kcal/mol        0.0036 kcal/(mol*A)
xmin   790        8.9873 kcal/mol        0.0089 kcal/(mol*A)
xmin   800        8.9873 kcal/mol        0.0028 kcal/(mol*A)
xmin   810        8.9872 kcal/mol        0.0020 kcal/(mol*A)
xmin   820        8.9872 kcal/mol        0.0031 kcal/(mol*A)
xmin   830        8.9872 kcal/mol        0.0017 kcal/(mol*A)
xmin   840        8.9872 kcal/mol        0.0011 kcal/(mol*A)
xmin   850        8.9872 kcal/mol        0.0010 kcal/(mol*A)
xmin   860        8.9872 kcal/mol        0.0033 kcal/(mol*A)
xmin   870        8.9872 kcal/mol        0.0006 kcal/(mol*A)
xmin   880        8.9872 kcal/mol        0.0006 kcal/(mol*A)
  ... geometry converged !
 
 Final MO eigenvalues (eV):
 -41.7468  -40.6603  -39.4049  -38.5880  -36.4793  -34.5661  -34.0497  -32.4891
 -31.9407  -30.4811  -28.4352  -26.4344  -25.6421  -24.3642  -24.1353  -23.1197
 -21.8488  -20.1989  -19.3355  -19.1805  -18.8590  -17.7818  -17.6166  -17.0277
 -16.8647  -16.2888  -16.0381  -15.8178  -15.4144  -15.3589  -14.9582  -14.6583
 -14.4492  -14.0411  -13.9629  -13.8056  -13.4375  -13.3618  -12.9463  -12.7702
 -12.7402  -12.6668  -12.5016  -11.7230  -11.6959  -11.4217  -11.3545  -11.2205
 -11.0111  -10.7119  -10.6540   -9.0136   -1.0805   -0.6929    0.2715    1.0505
   1.1966    1.7457    2.6139    2.7068    2.7296    2.8162    2.8519    3.0008
   3.0435    3.2369    3.2595    3.3597    3.4848    3.5385    3.7070    3.7882
   3.8544    3.8740    3.8965    3.9659    3.9975    4.0715    4.1464    4.1999
   4.2317    4.4117    4.4661    4.5261    4.6449    4.7150    4.7344    4.7689
   4.8571    4.8880    4.9150    4.9722    5.2131    5.4641    5.5918    6.4182
   6.5350    6.7045

 Heat of formation   =          8.98717655 kcal/mol  (        0.38971322 eV)

 Total SCF energy    =     -76486.85813582 kcal/mol  (    -3316.71905537 eV)
 Electronic energy   =    -516415.79824544 kcal/mol  (   -22393.46941787 eV)
 Core-core repulsion =     439928.94010962 kcal/mol  (    19076.75036250 eV)
 
    Atomic Charges for Step       1 :
  Atom    Element       Mulliken Charge
     1      O                 -0.336
     2      C                  0.311
     3      C                 -0.182
     4      C                 -0.102
     5      C                 -0.157
     6      C                 -0.153
     7      C                 -0.156
     8      C                 -0.155
     9      C                 -0.150
    10      N                 -0.323
    11      C                  0.068
    12      C                 -0.153
    13      C                 -0.015
    14      C                 -0.063
    15      N                 -0.095
    16      C                 -0.116
    17      H                  0.102
    18      H                  0.128
    19      H                  0.107
    20      H                  0.068
    21      H                  0.080
    22      H                  0.083
    23      H                  0.082
    24      H                  0.084
    25      H                  0.082
    26      H                  0.082
    27      H                  0.083
    28      H                  0.085
    29      H                  0.081
    30      H                  0.233
    31      C                 -0.017
    32      N                 -0.135
    33      H                  0.183
    34      H                  0.206
    35      C                 -0.033
    36      N                 -0.161
    37      H                  0.198
    38      H                  0.156
 Total Mulliken Charge =       0.000
 
                  X        Y        Z     TOTAL  
  QM DIPOLE     1.325   -3.043    3.779    5.029
 
 Final Structure

  QMMM: QM Region Cartesian Coordinates (*=link atom) 
  QMMM: QM_NO.   MM_NO.  ATOM         X         Y         Z
  QMMM:     1        1      O        9.7199    2.8851   21.4029
  QMMM:     2        2      C        9.3079    1.8805   22.0061
  QMMM:     3        3      C        9.9724    1.4137   23.2916
  QMMM:     4        4      C       10.8902    0.2226   23.0616
  QMMM:     5        5      C       10.1099   -1.0766   22.8950
  QMMM:     6        6      C       10.9073   -2.2905   23.3342
  QMMM:     7        7      C       12.3915   -2.0981   23.1124
  QMMM:     8        8      C       12.9320   -0.9470   23.9388
  QMMM:     9        9      C       11.8789    0.1087   24.2146
  QMMM:    10       10      N        8.2163    1.1327   21.5685
  QMMM:    11       11      C        7.4267    1.3672   20.4407
  QMMM:    12       12      C        6.2469    0.5783   20.2195
  QMMM:    13       13      C        5.4602    0.8245   19.0489
  QMMM:    14       14      C        5.8965    1.8656   18.1535
  QMMM:    15       15      N        6.9803    2.5903   18.3734
  QMMM:    16       16      C        7.7292    2.3543   19.4808
  QMMM:    17       17      H        9.2041    1.1736   24.0716
  QMMM:    18       18      H       10.5770    2.2838   23.6681
  QMMM:    19       19      H       11.4814    0.4063   22.1190
  QMMM:    20       20      H        9.1606   -1.0368   23.4922
  QMMM:    21       21      H        9.8242   -1.1929   21.8163
  QMMM:    22       22      H       10.5538   -3.1919   22.7688
  QMMM:    23       23      H       10.7217   -2.4866   24.4234
  QMMM:    24       24      H       12.9371   -3.0410   23.3765
  QMMM:    25       25      H       12.5777   -1.9003   22.0237
  QMMM:    26       26      H       13.3224   -1.3319   24.9173
  QMMM:    27       27      H       13.7987   -0.4834   23.3986
  QMMM:    28       28      H       12.3796    1.0976   24.3843
  QMMM:    29       29      H       11.3183   -0.1485   25.1514
  QMMM:    30       30      H        7.9944    0.3228   22.1042
  QMMM:    31       31      C        5.7619   -0.4630   21.0881
  QMMM:    32       32      N        4.3175    0.0946   18.7789
  QMMM:    33       33      H        5.3163    2.0866   17.2382
  QMMM:    34       34      H        8.6157    3.0126   19.5806
  QMMM:    35       35      C        3.9898   -0.8415   19.6665
  QMMM:    36       36      N        4.6687   -1.1623   20.8349
  QMMM:    37       37      H        3.0756   -1.4392   19.4674
  QMMM:    38       38      H        6.2863   -0.7258   22.0248

           --------- Calculation Completed ----------

