            --------------------------------------------------------
                             AMBER SQM VERSION 19
 
                                     By
              Ross C. Walker, Michael F. Crowley, Scott Brozell,
                         Tim Giese, Andreas W. Goetz,
                        Tai-Sung Lee and David A. Case
 
            --------------------------------------------------------
 

--------------------------------------------------------------------------------
  QM CALCULATION INFO
--------------------------------------------------------------------------------

| QMMM: Citation for AMBER QMMM Run:
| QMMM: R.C. Walker, M.F. Crowley and D.A. Case, J. COMP. CHEM. 29:1019, 2008

QMMM: SINGLET STATE CALCULATION
QMMM: RHF CALCULATION, NO. OF DOUBLY OCCUPIED LEVELS = 47

| QMMM: *** Selected Hamiltonian *** 
| QMMM: AM1         

| QMMM: *** Parameter sets in use ***
| QMMM: O : M.J.S.DEWAR et al. JACS, 107, 3902, (1985)
| QMMM: C : M.J.S.DEWAR et al. JACS, 107, 3902, (1985)
| QMMM: N : M.J.S.DEWAR et al. JACS, 107, 3902, (1985)
| QMMM: H : M.J.S.DEWAR et al. JACS, 107, 3902, (1985)

| QMMM: *** SCF convergence criteria ***
| QMMM: Energy change                :  0.1D-09 kcal/mol
| QMMM: Error matrix |FP-PF|         :  0.1D+00 au
| QMMM: Density matrix change        :  0.5D-06
| QMMM: Maximum number of SCF cycles :     1000

| QMMM: *** Diagonalization Routine Information ***
| QMMM: Pseudo diagonalizations are allowed.
| QMMM: Auto diagonalization routine selection is in use.
| QMMM:
| QMMM: Timing diagonalization routines:
| QMMM:                              norbs =       87
| QMMM:    diag iterations used for timing =       15
| QMMM:
| QMMM:              Internal diag routine = 0.030880 seconds
| QMMM:                 Dspev diag routine = 0.038729 seconds
| QMMM:                Dspevd diag routine = 0.017094 seconds
| QMMM:                Dspevx diag routine = 0.092015 seconds
| QMMM:                 Dsyev diag routine = 0.027817 seconds
| QMMM:                Dsyevd diag routine = 0.021368 seconds
| QMMM:                Dsyevr diag routine = 0.023712 seconds
| QMMM:
| QMMM:                Pseudo diag routine = 0.010751 seconds
| QMMM:
| QMMM: Using dspevd routine (diag_routine=3).

  QMMM: QM Region Cartesian Coordinates (*=link atom) 
  QMMM: QM_NO.   MM_NO.  ATOM         X         Y         Z
  QMMM:     1        1      O        9.0980    0.7170   20.8630
  QMMM:     2        2      C        8.5440   -0.2000   21.3730
  QMMM:     3        3      N        9.1810   -0.9260   22.4450
  QMMM:     4        4      C       10.4660   -0.4470   22.8510
  QMMM:     5        5      C       10.5000    0.3870   23.9490
  QMMM:     6        6      C       11.7040    0.9000   24.3650
  QMMM:     7        7      C       12.8650    0.5840   23.6730
  QMMM:     8        8      C       12.8230   -0.2500   22.5690
  QMMM:     9        9      C       11.6120   -0.7630   22.1470
  QMMM:    10       10      N        7.2370   -0.6260   20.9410
  QMMM:    11       11      C        6.5590    0.0580   19.8740
  QMMM:    12       12      N        5.3530    0.6830   20.1520
  QMMM:    13       13      C        4.7260    1.3390   19.1050
  QMMM:    14       14      C        5.3210    1.3050   17.8490
  QMMM:    15       15      N        6.4720    0.7100   17.6440
  QMMM:    16       16      C        7.1030    0.0840   18.6020
  QMMM:    17       17      H        8.7450   -1.7250   22.8830
  QMMM:    18       18      H        9.5900    0.6340   24.4760
  QMMM:    19       19      H       11.7470    1.5480   25.2280
  QMMM:    20       20      H       13.8100    0.9930   23.9990
  QMMM:    21       21      H       13.7320   -0.4980   22.0410
  QMMM:    22       22      H       11.5620   -1.4030   21.2780
  QMMM:    23       23      H        6.7930   -1.4130   21.3920
  QMMM:    24       24      N        3.5850    1.9600   19.5610
  QMMM:    25       25      H        4.8220    1.7820   17.0190
  QMMM:    26       26      H        8.0430   -0.4100   18.4020
  QMMM:    27       27      C        4.6060    0.9730   21.3470
  QMMM:    28       28      H        4.8880    0.7670   22.3710
  QMMM:    29       29      C        3.5600    1.8150   20.9590
  QMMM:    30       30      H        2.8540    2.3810   21.5510

--------------------------------------------------------------------------------
  RESULTS
--------------------------------------------------------------------------------

      iter         sqm energy              rms gradient
      ----    -------------------    -----------------------
xmin    10      109.1859 kcal/mol        0.4827 kcal/(mol*A)
xmin    20      108.0693 kcal/mol        1.4261 kcal/(mol*A)
xmin    30      107.2573 kcal/mol        0.5935 kcal/(mol*A)
xmin    40      107.0165 kcal/mol        0.7865 kcal/(mol*A)
xmin    50      106.9190 kcal/mol        0.1679 kcal/(mol*A)
xmin    60      106.8740 kcal/mol        0.2223 kcal/(mol*A)
xmin    70      106.8463 kcal/mol        0.1036 kcal/(mol*A)
xmin    80      106.8351 kcal/mol        0.1480 kcal/(mol*A)
xmin    90      106.8234 kcal/mol        0.3057 kcal/(mol*A)
xmin   100      106.8121 kcal/mol        0.0567 kcal/(mol*A)
xmin   110      106.8449 kcal/mol        0.1013 kcal/(mol*A)
xmin   120      106.8320 kcal/mol        0.0726 kcal/(mol*A)
xmin   130      106.8182 kcal/mol        0.0246 kcal/(mol*A)
xmin   140      106.8074 kcal/mol        0.0264 kcal/(mol*A)
xmin   150      106.7964 kcal/mol        0.1003 kcal/(mol*A)
xmin   160      106.7569 kcal/mol        0.1535 kcal/(mol*A)
xmin   170      106.6121 kcal/mol        0.2005 kcal/(mol*A)
xmin   180      106.4712 kcal/mol        0.6666 kcal/(mol*A)
xmin   190      106.3833 kcal/mol        0.1514 kcal/(mol*A)
xmin   200      106.3638 kcal/mol        0.0611 kcal/(mol*A)
xmin   210      106.3622 kcal/mol        0.0435 kcal/(mol*A)
xmin   220      106.3613 kcal/mol        0.0419 kcal/(mol*A)
xmin   230      106.3608 kcal/mol        0.0416 kcal/(mol*A)
xmin   240      106.3607 kcal/mol        0.0064 kcal/(mol*A)
xmin   250      106.3604 kcal/mol        0.0060 kcal/(mol*A)
xmin   260      106.3603 kcal/mol        0.0077 kcal/(mol*A)
xmin   270      106.3603 kcal/mol        0.0013 kcal/(mol*A)
  ... geometry converged !
 
 Final MO eigenvalues (eV):
 -42.3259  -40.7645  -39.3114  -38.1927  -36.4173  -35.7815  -33.5617  -31.7276
 -30.6190  -30.3128  -29.4480  -25.3502  -24.3616  -23.9533  -23.5297  -22.4854
 -21.7260  -20.1418  -19.3300  -18.5965  -18.3004  -17.6137  -17.0775  -16.7802
 -16.1871  -16.1400  -16.0713  -15.4155  -15.2287  -15.0225  -14.6499  -14.4363
 -13.9702  -13.7797  -13.4725  -12.8883  -12.7951  -12.3460  -11.9687  -11.7656
 -11.5549  -11.4727  -11.2061   -9.9832   -9.6972   -9.2521   -8.9113   -0.6997
  -0.0796   -0.0474    0.2760    0.4602    0.8945    1.2141    1.4998    2.1665
   2.3300    2.6608    2.7960    3.1039    3.2442    3.5442    3.5995    3.6359
   3.7912    3.8632    3.9346    4.0550    4.1571    4.1874    4.2132    4.4267
   4.5251    4.6644    4.8316    4.9951    5.0172    5.1163    5.2751    5.2912
   5.4569    5.5318    5.7844    5.8370    6.2654    6.5167    6.5757

 Heat of formation   =        106.36027496 kcal/mol  (        4.61212762 eV)

 Total SCF energy    =     -73051.75892653 kcal/mol  (    -3167.76197591 eV)
 Electronic energy   =    -440712.83877022 kcal/mol  (   -19110.74275921 eV)
 Core-core repulsion =     367661.07984369 kcal/mol  (    15942.98078330 eV)
 
    Atomic Charges for Step       1 :
  Atom    Element       Mulliken Charge
     1      O                 -0.350
     2      C                  0.389
     3      N                 -0.307
     4      C                  0.056
     5      C                 -0.173
     6      C                 -0.108
     7      C                 -0.144
     8      C                 -0.109
     9      C                 -0.130
    10      N                 -0.314
    11      C                  0.075
    12      N                 -0.073
    13      C                 -0.056
    14      C                 -0.016
    15      N                 -0.112
    16      C                 -0.091
    17      H                  0.222
    18      H                  0.129
    19      H                  0.134
    20      H                  0.136
    21      H                  0.139
    22      H                  0.169
    23      H                  0.225
    24      N                 -0.121
    25      H                  0.192
    26      H                  0.202
    27      C                 -0.207
    28      H                  0.179
    29      C                 -0.123
    30      H                  0.186
 Total Mulliken Charge =      -0.000
 
                  X        Y        Z     TOTAL  
  QM DIPOLE     0.554   -0.803    5.659    5.742
 
 Final Structure

  QMMM: QM Region Cartesian Coordinates (*=link atom) 
  QMMM: QM_NO.   MM_NO.  ATOM         X         Y         Z
  QMMM:     1        1      O        9.2378    0.1974   20.4156
  QMMM:     2        2      C        8.5339    0.0405   21.4340
  QMMM:     3        3      N        9.0527    0.1036   22.7420
  QMMM:     4        4      C       10.4399    0.0695   23.0107
  QMMM:     5        5      C       10.8859   -0.5524   24.2006
  QMMM:     6        6      C       12.2360   -0.5361   24.5333
  QMMM:     7        7      C       13.1650    0.0819   23.6974
  QMMM:     8        8      C       12.7331    0.6902   22.5208
  QMMM:     9        9      C       11.3851    0.6932   22.1708
  QMMM:    10       10      N        7.1395   -0.2235   21.3080
  QMMM:    11       11      C        6.4915    0.0457   20.0818
  QMMM:    12       12      N        5.3187    0.8144   20.0588
  QMMM:    13       13      C        4.6268    1.0161   18.8143
  QMMM:    14       14      C        5.2112    0.4391   17.6225
  QMMM:    15       15      N        6.3220   -0.2645   17.6528
  QMMM:    16       16      C        6.9515   -0.4635   18.8568
  QMMM:    17       17      H        8.4862   -0.2551   23.4808
  QMMM:    18       18      H       10.1730   -1.0494   24.8759
  QMMM:    19       19      H       12.5694   -1.0201   25.4637
  QMMM:    20       20      H       14.2313    0.0871   23.9650
  QMMM:    21       21      H       13.4610    1.1778   21.8542
  QMMM:    22       22      H       11.0678    1.1738   21.2306
  QMMM:    23       23      H        6.5709   -0.1524   22.1242
  QMMM:    24       24      N        3.4960    1.7525   19.0147
  QMMM:    25       25      H        4.7038    0.5983   16.6542
  QMMM:    26       26      H        7.8933   -1.0419   18.8135
  QMMM:    27       27      C        4.5674    1.4472   21.0407
  QMMM:    28       28      H        4.8464    1.4714   22.0904
  QMMM:    29       29      C        3.4565    2.0177   20.3691
  QMMM:    30       30      H        2.6476    2.6009   20.8117

           --------- Calculation Completed ----------

