            --------------------------------------------------------
                             AMBER SQM VERSION 19
 
                                     By
              Ross C. Walker, Michael F. Crowley, Scott Brozell,
                         Tim Giese, Andreas W. Goetz,
                        Tai-Sung Lee and David A. Case
 
            --------------------------------------------------------
 

--------------------------------------------------------------------------------
  QM CALCULATION INFO
--------------------------------------------------------------------------------

| QMMM: Citation for AMBER QMMM Run:
| QMMM: R.C. Walker, M.F. Crowley and D.A. Case, J. COMP. CHEM. 29:1019, 2008

QMMM: SINGLET STATE CALCULATION
QMMM: RHF CALCULATION, NO. OF DOUBLY OCCUPIED LEVELS = 47

| QMMM: *** Selected Hamiltonian *** 
| QMMM: AM1         

| QMMM: *** Parameter sets in use ***
| QMMM: O : M.J.S.DEWAR et al. JACS, 107, 3902, (1985)
| QMMM: C : M.J.S.DEWAR et al. JACS, 107, 3902, (1985)
| QMMM: N : M.J.S.DEWAR et al. JACS, 107, 3902, (1985)
| QMMM: H : M.J.S.DEWAR et al. JACS, 107, 3902, (1985)

| QMMM: *** SCF convergence criteria ***
| QMMM: Energy change                :  0.1D-09 kcal/mol
| QMMM: Error matrix |FP-PF|         :  0.1D+00 au
| QMMM: Density matrix change        :  0.5D-06
| QMMM: Maximum number of SCF cycles :     1000

| QMMM: *** Diagonalization Routine Information ***
| QMMM: Pseudo diagonalizations are allowed.
| QMMM: Auto diagonalization routine selection is in use.
| QMMM:
| QMMM: Timing diagonalization routines:
| QMMM:                              norbs =       87
| QMMM:    diag iterations used for timing =       15
| QMMM:
| QMMM:              Internal diag routine = 0.022962 seconds
| QMMM:                 Dspev diag routine = 0.027756 seconds
| QMMM:                Dspevd diag routine = 0.016911 seconds
| QMMM:                Dspevx diag routine = 0.092887 seconds
| QMMM:                 Dsyev diag routine = 0.027984 seconds
| QMMM:                Dsyevd diag routine = 0.020503 seconds
| QMMM:                Dsyevr diag routine = 0.023743 seconds
| QMMM:
| QMMM:                Pseudo diag routine = 0.009546 seconds
| QMMM:
| QMMM: Using dspevd routine (diag_routine=3).

  QMMM: QM Region Cartesian Coordinates (*=link atom) 
  QMMM: QM_NO.   MM_NO.  ATOM         X         Y         Z
  QMMM:     1        1      O       -0.8180    0.0090   -0.7470
  QMMM:     2        2      C       -0.2300   -0.0380    0.3240
  QMMM:     3        3      N        0.2100    1.0780    1.0150
  QMMM:     4        4      N        0.0600   -1.1890    1.0350
  QMMM:     5        5      C        0.3280    2.3770    0.5480
  QMMM:     6        6      C       -0.3430   -2.5010    0.7140
  QMMM:     7        7      N        0.5740    2.7380   -0.7890
  QMMM:     8        8      C        0.2460    3.3950    1.4400
  QMMM:     9        9      C       -1.4260   -2.7880   -0.1190
  QMMM:    10       10      C        0.3610   -3.5580    1.3030
  QMMM:    11       11      C        0.6630    4.0710   -1.1320
  QMMM:    12       12      C        0.8660    2.0520   -1.9430
  QMMM:    13       13      N        0.3310    4.7450    1.1390
  QMMM:    14       14      C       -1.7880   -4.1140   -0.3760
  QMMM:    15       15      C       -0.0010   -4.8830    1.0450
  QMMM:    16       16      N        0.9130    4.2710   -2.4060
  QMMM:    17       17      C        0.5200    5.0670   -0.1110
  QMMM:    18       18      C        1.0330    3.0070   -2.9220
  QMMM:    19       19      C       -1.0750   -5.1610    0.2040
  QMMM:    20       20      H        0.2270    0.9570    2.0180
  QMMM:    21       21      H        0.7500   -1.1010    1.7660
  QMMM:    22       22      H        0.0710    3.1960    2.4950
  QMMM:    23       23      H       -2.0140   -1.9980   -0.5780
  QMMM:    24       24      H        1.2050   -3.3690    1.9610
  QMMM:    25       25      H        0.9260    0.9760   -1.9880
  QMMM:    26       26      H       -2.6300   -4.3250   -1.0310
  QMMM:    27       27      H        0.5570   -5.6980    1.5000
  QMMM:    28       28      H        0.5880    6.1290   -0.3950
  QMMM:    29       29      H        1.2520    2.8450   -3.9700
  QMMM:    30       30      H       -1.3580   -6.1900    0.0000

--------------------------------------------------------------------------------
  RESULTS
--------------------------------------------------------------------------------

      iter         sqm energy              rms gradient
      ----    -------------------    -----------------------
xmin    10      107.3621 kcal/mol        2.2837 kcal/(mol*A)
xmin    20      106.3815 kcal/mol        0.7540 kcal/(mol*A)
xmin    30      106.0155 kcal/mol        0.6097 kcal/(mol*A)
xmin    40      105.8799 kcal/mol        0.2493 kcal/(mol*A)
xmin    50      105.8258 kcal/mol        0.2845 kcal/(mol*A)
xmin    60      105.8163 kcal/mol        0.0676 kcal/(mol*A)
xmin    70      105.8118 kcal/mol        0.0954 kcal/(mol*A)
xmin    80      105.8094 kcal/mol        0.0179 kcal/(mol*A)
xmin    90      105.8092 kcal/mol        0.0061 kcal/(mol*A)
xmin   100      105.9215 kcal/mol        1.1484 kcal/(mol*A)
xmin   110      105.8270 kcal/mol        0.2264 kcal/(mol*A)
xmin   120      105.8155 kcal/mol        0.0795 kcal/(mol*A)
xmin   130      105.8139 kcal/mol        0.0294 kcal/(mol*A)
xmin   140      105.8110 kcal/mol        0.0566 kcal/(mol*A)
xmin   150      105.8111 kcal/mol        0.0855 kcal/(mol*A)
xmin   160      105.8094 kcal/mol        0.0318 kcal/(mol*A)
xmin   170      105.8092 kcal/mol        0.0194 kcal/(mol*A)
xmin   180      105.8091 kcal/mol        0.0043 kcal/(mol*A)
xmin   190      105.8091 kcal/mol        0.0053 kcal/(mol*A)
  ... geometry converged !
 
 Final MO eigenvalues (eV):
 -42.1766  -40.7304  -39.2710  -38.2561  -36.3406  -35.8010  -33.5628  -31.7455
 -30.6394  -30.1860  -29.3978  -25.3255  -24.1464  -23.9931  -23.5500  -22.3100
 -21.8299  -19.8990  -19.1843  -18.7325  -18.2859  -17.6700  -17.0889  -16.6921
 -16.2220  -16.0372  -16.0095  -15.3982  -15.0569  -15.0238  -14.4808  -14.4331
 -13.9598  -13.7122  -13.4644  -12.9050  -12.7506  -12.3782  -11.9931  -11.7365
 -11.5464  -11.4198  -11.1064  -10.0032   -9.5277   -9.2622   -8.8278   -0.7068
  -0.0627    0.0854    0.2580    0.4491    0.9870    1.1828    1.6883    2.2904
   2.3658    2.6412    2.8430    3.0946    3.3515    3.5411    3.6193    3.6837
   3.8790    3.9581    4.0240    4.1011    4.1468    4.1697    4.2375    4.4778
   4.5410    4.7334    4.8188    4.9764    5.0613    5.1336    5.2705    5.4381
   5.4928    5.6778    5.7906    5.8243    6.3881    6.5051    6.6062

 Heat of formation   =        105.80910452 kcal/mol  (        4.58822707 eV)

 Total SCF energy    =     -73052.31009697 kcal/mol  (    -3167.78587646 eV)
 Electronic energy   =    -445371.90529057 kcal/mol  (   -19312.77504404 eV)
 Core-core repulsion =     372319.59519360 kcal/mol  (    16144.98916758 eV)
 
    Atomic Charges for Step       1 :
  Atom    Element       Mulliken Charge
     1      O                 -0.356
     2      C                  0.386
     3      N                 -0.319
     4      N                 -0.309
     5      C                  0.099
     6      C                  0.058
     7      N                 -0.052
     8      C                 -0.154
     9      C                 -0.131
    10      C                 -0.174
    11      C                 -0.071
    12      C                 -0.143
    13      N                 -0.117
    14      C                 -0.109
    15      C                 -0.108
    16      N                 -0.115
    17      C                 -0.011
    18      C                 -0.144
    19      C                 -0.144
    20      H                  0.233
    21      H                  0.224
    22      H                  0.172
    23      H                  0.169
    24      H                  0.129
    25      H                  0.202
    26      H                  0.139
    27      H                  0.135
    28      H                  0.191
    29      H                  0.186
    30      H                  0.136
 Total Mulliken Charge =      -0.000
 
                  X        Y        Z     TOTAL  
  QM DIPOLE     1.756   -4.255    3.527    5.799
 
 Final Structure

  QMMM: QM Region Cartesian Coordinates (*=link atom) 
  QMMM: QM_NO.   MM_NO.  ATOM         X         Y         Z
  QMMM:     1        1      O       -0.5921    0.0131   -0.5240
  QMMM:     2        2      C        0.0241   -0.0549    0.5598
  QMMM:     3        3      N        0.7228    1.0772    1.0622
  QMMM:     4        4      N        0.0736   -1.2273    1.3376
  QMMM:     5        5      C        0.4647    2.3762    0.5635
  QMMM:     6        6      C       -0.3396   -2.4861    0.8470
  QMMM:     7        7      N        0.6772    2.6856   -0.7813
  QMMM:     8        8      C        0.0803    3.4236    1.4175
  QMMM:     9        9      C       -1.4310   -2.6305   -0.0337
  QMMM:    10       10      C        0.3243   -3.6462    1.3110
  QMMM:    11       11      C        0.5288    4.0549   -1.2193
  QMMM:    12       12      C        1.0322    1.9475   -1.9009
  QMMM:    13       13      N       -0.0657    4.7321    1.0274
  QMMM:    14       14      C       -1.8382   -3.9016   -0.4315
  QMMM:    15       15      C       -0.1049   -4.9053    0.9061
  QMMM:    16       16      N        0.7880    4.1541   -2.5520
  QMMM:    17       17      C        0.1498    5.0413   -0.2329
  QMMM:    18       18      C        1.0936    2.8732   -2.9723
  QMMM:    19       19      C       -1.1841   -5.0403    0.0338
  QMMM:    20       20      H        0.9834    1.0793    2.0256
  QMMM:    21       21      H        0.7556   -1.2741    2.0640
  QMMM:    22       22      H       -0.1192    3.2381    2.4863
  QMMM:    23       23      H       -1.9595   -1.7436   -0.4207
  QMMM:    24       24      H        1.1800   -3.5665    1.9985
  QMMM:    25       25      H        1.1616    0.8657   -1.8776
  QMMM:    26       26      H       -2.6900   -3.9999   -1.1220
  QMMM:    27       27      H        0.4176   -5.7999    1.2773
  QMMM:    28       28      H        0.0364    6.0930   -0.5515
  QMMM:    29       29      H        1.3432    2.6604   -4.0126
  QMMM:    30       30      H       -1.5151   -6.0390   -0.2851

           --------- Calculation Completed ----------

