            --------------------------------------------------------
                             AMBER SQM VERSION 19
 
                                     By
              Ross C. Walker, Michael F. Crowley, Scott Brozell,
                         Tim Giese, Andreas W. Goetz,
                        Tai-Sung Lee and David A. Case
 
            --------------------------------------------------------
 

--------------------------------------------------------------------------------
  QM CALCULATION INFO
--------------------------------------------------------------------------------

| QMMM: Citation for AMBER QMMM Run:
| QMMM: R.C. Walker, M.F. Crowley and D.A. Case, J. COMP. CHEM. 29:1019, 2008

QMMM: SINGLET STATE CALCULATION
QMMM: RHF CALCULATION, NO. OF DOUBLY OCCUPIED LEVELS = 47

| QMMM: *** Selected Hamiltonian *** 
| QMMM: AM1         

| QMMM: *** Parameter sets in use ***
| QMMM: O : M.J.S.DEWAR et al. JACS, 107, 3902, (1985)
| QMMM: C : M.J.S.DEWAR et al. JACS, 107, 3902, (1985)
| QMMM: N : M.J.S.DEWAR et al. JACS, 107, 3902, (1985)
| QMMM: H : M.J.S.DEWAR et al. JACS, 107, 3902, (1985)

| QMMM: *** SCF convergence criteria ***
| QMMM: Energy change                :  0.1D-09 kcal/mol
| QMMM: Error matrix |FP-PF|         :  0.1D+00 au
| QMMM: Density matrix change        :  0.5D-06
| QMMM: Maximum number of SCF cycles :     1000

| QMMM: *** Diagonalization Routine Information ***
| QMMM: Pseudo diagonalizations are allowed.
| QMMM: Auto diagonalization routine selection is in use.
| QMMM:
| QMMM: Timing diagonalization routines:
| QMMM:                              norbs =       87
| QMMM:    diag iterations used for timing =       15
| QMMM:
| QMMM:              Internal diag routine = 0.023401 seconds
| QMMM:                 Dspev diag routine = 0.026038 seconds
| QMMM:                Dspevd diag routine = 0.016104 seconds
| QMMM:                Dspevx diag routine = 0.094940 seconds
| QMMM:                 Dsyev diag routine = 0.028102 seconds
| QMMM:                Dsyevd diag routine = 0.020961 seconds
| QMMM:                Dsyevr diag routine = 0.023756 seconds
| QMMM:
| QMMM:                Pseudo diag routine = 0.010094 seconds
| QMMM:
| QMMM: Using dspevd routine (diag_routine=3).

  QMMM: QM Region Cartesian Coordinates (*=link atom) 
  QMMM: QM_NO.   MM_NO.  ATOM         X         Y         Z
  QMMM:     1        1      O        1.0910    0.2280   -0.2310
  QMMM:     2        2      C        2.2770    0.0330   -0.0040
  QMMM:     3        3      N        2.9120   -1.1860   -0.1990
  QMMM:     4        4      C        2.3120   -2.3460   -0.6730
  QMMM:     5        5      C        1.1780   -2.3810   -1.4150
  QMMM:     6        6      N        0.5460   -3.5340   -1.8660
  QMMM:     7        7      C        1.0740   -4.6810   -1.5390
  QMMM:     8        8      C        2.2790   -4.7560   -0.7670
  QMMM:     9        9      N        2.8800   -3.5900   -0.3630
  QMMM:    10       10      C        3.9900   -3.9630    0.3560
  QMMM:    11       11      C        3.9780   -5.3430    0.3560
  QMMM:    12       12      N        2.9120   -5.8320   -0.3540
  QMMM:    13       13      N        3.1480    0.9720    0.5230
  QMMM:    14       14      C        2.7610    2.2130    1.0800
  QMMM:    15       15      C        1.4610    2.4730    1.5250
  QMMM:    16       16      C        1.1320    3.7130    2.0770
  QMMM:    17       17      C        2.1020    4.7030    2.1940
  QMMM:    18       18      C        3.4050    4.4490    1.7690
  QMMM:    19       19      C        3.7360    3.2060    1.2220
  QMMM:    20       20      H        3.7800   -1.2920    0.3060
  QMMM:    21       21      H        0.6730   -1.4680   -1.7200
  QMMM:    22       22      H        0.5890   -5.6160   -1.8620
  QMMM:    23       23      H        4.6670   -3.2560    0.8080
  QMMM:    24       24      H        4.6840   -6.0100    0.8350
  QMMM:    25       25      H        4.1230    0.8680    0.2850
  QMMM:    26       26      H        0.6790    1.7210    1.4680
  QMMM:    27       27      H        0.1140    3.8980    2.4140
  QMMM:    28       28      H        1.8410    5.6700    2.6180
  QMMM:    29       29      H        4.1610    5.2250    1.8580
  QMMM:    30       30      H        4.7570    3.0380    0.8940

--------------------------------------------------------------------------------
  RESULTS
--------------------------------------------------------------------------------

      iter         sqm energy              rms gradient
      ----    -------------------    -----------------------
xmin    10      106.6406 kcal/mol        1.4049 kcal/(mol*A)
xmin    20      106.4363 kcal/mol        0.3755 kcal/(mol*A)
xmin    30      106.3902 kcal/mol        0.1839 kcal/(mol*A)
xmin    40      106.3682 kcal/mol        0.0526 kcal/(mol*A)
xmin    50      106.3657 kcal/mol        0.0488 kcal/(mol*A)
xmin    60      106.3621 kcal/mol        0.0139 kcal/(mol*A)
xmin    70      106.3617 kcal/mol        0.0179 kcal/(mol*A)
xmin    80      106.3610 kcal/mol        0.0172 kcal/(mol*A)
xmin    90      106.3604 kcal/mol        0.0083 kcal/(mol*A)
xmin   100      106.3604 kcal/mol        0.0038 kcal/(mol*A)
xmin   110      106.3603 kcal/mol        0.0035 kcal/(mol*A)
xmin   120      106.3603 kcal/mol        0.0031 kcal/(mol*A)
xmin   130      106.3603 kcal/mol        0.0006 kcal/(mol*A)
  ... geometry converged !
 
 Final MO eigenvalues (eV):
 -42.3259  -40.7645  -39.3115  -38.1926  -36.4174  -35.7816  -33.5617  -31.7276
 -30.6190  -30.3128  -29.4480  -25.3503  -24.3616  -23.9533  -23.5297  -22.4855
 -21.7260  -20.1419  -19.3301  -18.5963  -18.3004  -17.6138  -17.0776  -16.7801
 -16.1872  -16.1400  -16.0713  -15.4156  -15.2287  -15.0225  -14.6499  -14.4363
 -13.9703  -13.7797  -13.4725  -12.8885  -12.7953  -12.3460  -11.9687  -11.7656
 -11.5549  -11.4727  -11.2061   -9.9832   -9.6972   -9.2522   -8.9112   -0.6996
  -0.0797   -0.0474    0.2760    0.4602    0.8945    1.2141    1.4998    2.1664
   2.3300    2.6607    2.7960    3.1039    3.2442    3.5442    3.5995    3.6358
   3.7912    3.8632    3.9345    4.0549    4.1570    4.1873    4.2131    4.4267
   4.5251    4.6644    4.8315    4.9951    5.0172    5.1163    5.2751    5.2912
   5.4568    5.5318    5.7844    5.8369    6.2654    6.5167    6.5757

 Heat of formation   =        106.36027925 kcal/mol  (        4.61212780 eV)

 Total SCF energy    =     -73051.75892224 kcal/mol  (    -3167.76197573 eV)
 Electronic energy   =    -440709.91752002 kcal/mol  (   -19110.61608430 eV)
 Core-core repulsion =     367658.15859778 kcal/mol  (    15942.85410857 eV)
 
    Atomic Charges for Step       1 :
  Atom    Element       Mulliken Charge
     1      O                 -0.350
     2      C                  0.389
     3      N                 -0.314
     4      C                  0.075
     5      C                 -0.091
     6      N                 -0.112
     7      C                 -0.016
     8      C                 -0.056
     9      N                 -0.073
    10      C                 -0.207
    11      C                 -0.123
    12      N                 -0.121
    13      N                 -0.306
    14      C                  0.056
    15      C                 -0.130
    16      C                 -0.109
    17      C                 -0.144
    18      C                 -0.108
    19      C                 -0.173
    20      H                  0.225
    21      H                  0.202
    22      H                  0.192
    23      H                  0.179
    24      H                  0.186
    25      H                  0.222
    26      H                  0.169
    27      H                  0.139
    28      H                  0.136
    29      H                  0.134
    30      H                  0.129
 Total Mulliken Charge =      -0.000
 
                  X        Y        Z     TOTAL  
  QM DIPOLE     4.583    3.166    1.397    5.743
 
 Final Structure

  QMMM: QM Region Cartesian Coordinates (*=link atom) 
  QMMM: QM_NO.   MM_NO.  ATOM         X         Y         Z
  QMMM:     1        1      O        1.2440    0.0333    0.1298
  QMMM:     2        2      C        2.4878   -0.0530    0.1814
  QMMM:     3        3      N        3.1562   -1.1532   -0.4294
  QMMM:     4        4      C        2.4188   -2.3092   -0.7701
  QMMM:     5        5      C        1.2558   -2.2590   -1.5551
  QMMM:     6        6      N        0.5408   -3.3639   -1.9473
  QMMM:     7        7      C        0.9581   -4.5564   -1.5817
  QMMM:     8        8      C        2.1452   -4.7485   -0.7762
  QMMM:     9        9      N        2.8620   -3.5742   -0.3576
  QMMM:    10       10      C        3.9501   -4.0140    0.3852
  QMMM:    11       11      C        3.8582   -5.4288    0.4042
  QMMM:    12       12      N        2.7590   -5.8718   -0.3043
  QMMM:    13       13      N        3.2972    0.9057    0.8214
  QMMM:    14       14      C        2.8085    2.1737    1.2101
  QMMM:    15       15      C        1.4995    2.3582    1.7004
  QMMM:    16       16      C        1.0931    3.6167    2.1368
  QMMM:    17       17      C        1.9658    4.7021    2.1016
  QMMM:    18       18      C        3.2619    4.5270    1.6189
  QMMM:    19       19      C        3.6876    3.2815    1.1706
  QMMM:    20       20      H        4.1179   -1.3005   -0.2109
  QMMM:    21       21      H        0.8409   -1.2842   -1.8729
  QMMM:    22       22      H        0.3840   -5.4455   -1.8982
  QMMM:    23       23      H        4.6758   -3.3475    0.8429
  QMMM:    24       24      H        4.5360   -6.1265    0.8983
  QMMM:    25       25      H        4.2752    0.8896    0.6242
  QMMM:    26       26      H        0.7888    1.5158    1.7302
  QMMM:    27       27      H        0.0671    3.7477    2.5140
  QMMM:    28       28      H        1.6350    5.6909    2.4504
  QMMM:    29       29      H        3.9568    5.3798    1.5864
  QMMM:    30       30      H        4.7148    3.1701    0.7916

           --------- Calculation Completed ----------

